<?xml version="1.0" ?>
<coverage version="7.12.0" timestamp="1768219728778" lines-valid="196" lines-covered="153" line-rate="0.7806" branches-valid="44" branches-covered="24" branch-rate="0.5455" complexity="0">
	<!-- Generated by coverage.py: https://coverage.readthedocs.io/en/7.12.0 -->
	<!-- Based on https://raw.githubusercontent.com/cobertura/web/master/htdocs/xml/coverage-04.dtd -->
	<sources>
		<source>/Users/binee/Desktop/quant/PasteTrader/backend</source>
	</sources>
	<packages>
		<package name="app.core" line-rate="0.7407" branch-rate="0.8" complexity="0">
			<classes>
				<class name="security.py" filename="app/core/security.py" complexity="0" line-rate="0.7407" branch-rate="0.8">
					<methods/>
					<lines>
						<line number="18" hits="1"/>
						<line number="20" hits="1"/>
						<line number="21" hits="1"/>
						<line number="23" hits="1"/>
						<line number="26" hits="1"/>
						<line number="29" hits="1"/>
						<line number="37" hits="1"/>
						<line number="38" hits="1"/>
						<line number="44" hits="1"/>
						<line number="47" hits="1"/>
						<line number="75" hits="1"/>
						<line number="76" hits="1" branch="true" condition-coverage="50% (1/2)" missing-branches="77"/>
						<line number="77" hits="0"/>
						<line number="79" hits="1"/>
						<line number="82" hits="1"/>
						<line number="117" hits="1"/>
						<line number="118" hits="1" branch="true" condition-coverage="50% (1/2)" missing-branches="119"/>
						<line number="119" hits="0"/>
						<line number="121" hits="1"/>
						<line number="122" hits="1"/>
						<line number="123" hits="1"/>
						<line number="126" hits="1"/>
						<line number="129" hits="1"/>
						<line number="170" hits="1"/>
						<line number="173" hits="1" branch="true" condition-coverage="100% (2/2)"/>
						<line number="174" hits="1"/>
						<line number="177" hits="1" branch="true" condition-coverage="100% (2/2)"/>
						<line number="178" hits="1"/>
						<line number="181" hits="1" branch="true" condition-coverage="100% (2/2)"/>
						<line number="182" hits="1"/>
						<line number="185" hits="1" branch="true" condition-coverage="100% (2/2)"/>
						<line number="186" hits="1"/>
						<line number="189" hits="1" branch="true" condition-coverage="100% (2/2)"/>
						<line number="190" hits="1"/>
						<line number="192" hits="1" branch="true" condition-coverage="100% (2/2)"/>
						<line number="193" hits="1" branch="true" condition-coverage="100% (2/2)"/>
						<line number="194" hits="1"/>
						<line number="195" hits="1"/>
						<line number="196" hits="1"/>
						<line number="198" hits="1"/>
						<line number="201" hits="1"/>
						<line number="220" hits="0"/>
						<line number="221" hits="0"/>
						<line number="223" hits="0"/>
						<line number="224" hits="0"/>
						<line number="226" hits="0" branch="true" condition-coverage="0% (0/2)" missing-branches="228,237"/>
						<line number="228" hits="0"/>
						<line number="229" hits="0"/>
						<line number="230" hits="0"/>
						<line number="233" hits="0"/>
						<line number="234" hits="0"/>
						<line number="235" hits="0"/>
						<line number="237" hits="0"/>
						<line number="245" hits="1"/>
					</lines>
				</class>
			</classes>
		</package>
		<package name="app.models" line-rate="0.8889" branch-rate="1" complexity="0">
			<classes>
				<class name="user.py" filename="app/models/user.py" complexity="0" line-rate="0.8889" branch-rate="1">
					<methods/>
					<lines>
						<line number="15" hits="1"/>
						<line number="17" hits="1"/>
						<line number="19" hits="1"/>
						<line number="20" hits="1"/>
						<line number="22" hits="1"/>
						<line number="28" hits="1"/>
						<line number="51" hits="1"/>
						<line number="54" hits="1"/>
						<line number="62" hits="1"/>
						<line number="68" hits="1"/>
						<line number="76" hits="1"/>
						<line number="86" hits="1"/>
						<line number="92" hits="1"/>
						<line number="94" hits="1"/>
						<line number="96" hits="1"/>
						<line number="105" hits="0"/>
						<line number="107" hits="0"/>
						<line number="110" hits="1"/>
					</lines>
				</class>
			</classes>
		</package>
		<package name="app.schemas" line-rate="0.9355" branch-rate="0.5" complexity="0">
			<classes>
				<class name="user.py" filename="app/schemas/user.py" complexity="0" line-rate="0.9355" branch-rate="0.5">
					<methods/>
					<lines>
						<line number="12" hits="1"/>
						<line number="13" hits="1"/>
						<line number="15" hits="1"/>
						<line number="17" hits="1"/>
						<line number="20" hits="1"/>
						<line number="23" hits="1"/>
						<line number="26" hits="1"/>
						<line number="29" hits="1"/>
						<line number="30" hits="1"/>
						<line number="33" hits="1"/>
						<line number="41" hits="1"/>
						<line number="48" hits="1"/>
						<line number="49" hits="1"/>
						<line number="50" hits="1"/>
						<line number="69" hits="1"/>
						<line number="74" hits="1"/>
						<line number="75" hits="1" branch="true" condition-coverage="50% (1/2)" missing-branches="76"/>
						<line number="76" hits="0"/>
						<line number="77" hits="1"/>
						<line number="78" hits="1"/>
						<line number="80" hits="1"/>
						<line number="83" hits="1"/>
						<line number="89" hits="1"/>
						<line number="90" hits="1"/>
						<line number="92" hits="1"/>
						<line number="93" hits="1"/>
						<line number="94" hits="1"/>
						<line number="96" hits="1" branch="true" condition-coverage="50% (1/2)" missing-branches="97"/>
						<line number="97" hits="0"/>
						<line number="99" hits="1"/>
						<line number="104" hits="1"/>
						<line number="105" hits="1" branch="true" condition-coverage="50% (1/2)" missing-branches="106"/>
						<line number="106" hits="0"/>
						<line number="107" hits="1"/>
						<line number="108" hits="1"/>
						<line number="110" hits="1"/>
						<line number="113" hits="1"/>
						<line number="119" hits="1"/>
						<line number="121" hits="1"/>
						<line number="122" hits="1"/>
						<line number="123" hits="1"/>
						<line number="126" hits="1"/>
						<line number="132" hits="1"/>
						<line number="134" hits="1"/>
						<line number="135" hits="1"/>
						<line number="138" hits="1"/>
						<line number="146" hits="1"/>
						<line number="147" hits="1"/>
						<line number="150" hits="1"/>
						<line number="158" hits="1"/>
						<line number="159" hits="1"/>
						<line number="166" hits="1"/>
						<line number="167" hits="1"/>
						<line number="168" hits="1"/>
						<line number="170" hits="1"/>
						<line number="175" hits="1"/>
						<line number="176" hits="1" branch="true" condition-coverage="50% (1/2)" missing-branches="177"/>
						<line number="177" hits="0"/>
						<line number="178" hits="1"/>
						<line number="179" hits="1"/>
						<line number="181" hits="1"/>
						<line number="184" hits="1"/>
					</lines>
				</class>
			</classes>
		</package>
		<package name="app.services" line-rate="0.629" branch-rate="0.25" complexity="0">
			<classes>
				<class name="user_service.py" filename="app/services/user_service.py" complexity="0" line-rate="0.629" branch-rate="0.25">
					<methods/>
					<lines>
						<line number="13" hits="1"/>
						<line number="15" hits="1"/>
						<line number="16" hits="1"/>
						<line number="17" hits="1"/>
						<line number="19" hits="1"/>
						<line number="20" hits="1"/>
						<line number="21" hits="1"/>
						<line number="22" hits="1"/>
						<line number="25" hits="1"/>
						<line number="33" hits="1"/>
						<line number="39" hits="1"/>
						<line number="41" hits="1"/>
						<line number="68" hits="1"/>
						<line number="71" hits="1"/>
						<line number="74" hits="0"/>
						<line number="81" hits="0"/>
						<line number="82" hits="0"/>
						<line number="83" hits="0"/>
						<line number="85" hits="0"/>
						<line number="87" hits="1"/>
						<line number="102" hits="1"/>
						<line number="103" hits="1"/>
						<line number="105" hits="1"/>
						<line number="121" hits="1"/>
						<line number="123" hits="1"/>
						<line number="126" hits="1"/>
						<line number="128" hits="1"/>
						<line number="148" hits="1"/>
						<line number="150" hits="1" branch="true" condition-coverage="50% (1/2)" missing-branches="154"/>
						<line number="151" hits="1"/>
						<line number="154" hits="0" branch="true" condition-coverage="0% (0/2)" missing-branches="155,158"/>
						<line number="155" hits="0"/>
						<line number="158" hits="0" branch="true" condition-coverage="0% (0/2)" missing-branches="159,161"/>
						<line number="159" hits="0"/>
						<line number="161" hits="0"/>
						<line number="162" hits="0"/>
						<line number="164" hits="0"/>
						<line number="166" hits="1"/>
						<line number="180" hits="1"/>
						<line number="182" hits="1" branch="true" condition-coverage="50% (1/2)" missing-branches="186"/>
						<line number="183" hits="1"/>
						<line number="186" hits="0"/>
						<line number="187" hits="0"/>
						<line number="189" hits="0"/>
						<line number="191" hits="1"/>
						<line number="226" hits="1"/>
						<line number="229" hits="1"/>
						<line number="232" hits="1" branch="true" condition-coverage="50% (1/2)" missing-branches="236"/>
						<line number="233" hits="1"/>
						<line number="236" hits="0" branch="true" condition-coverage="0% (0/2)" missing-branches="237,239"/>
						<line number="237" hits="0"/>
						<line number="239" hits="0"/>
						<line number="241" hits="1"/>
						<line number="265" hits="1"/>
						<line number="267" hits="1" branch="true" condition-coverage="50% (1/2)" missing-branches="271"/>
						<line number="268" hits="1"/>
						<line number="271" hits="0" branch="true" condition-coverage="0% (0/2)" missing-branches="272,275"/>
						<line number="272" hits="0"/>
						<line number="275" hits="0"/>
						<line number="276" hits="0"/>
						<line number="278" hits="0"/>
						<line number="281" hits="1"/>
					</lines>
				</class>
			</classes>
		</package>
	</packages>
</coverage>
